Arguments: 
  C:\Program Files\nodejs\node.exe C:\Users\osman\AppData\Roaming\npm\node_modules\yarn\bin\yarn.js add html2canvas

PATH: 
  C:\Program Files\Common Files\Oracle\Java\javapath;C:\Program Files (x86)\Common Files\Intel\Shared Libraries\redist\intel64\compiler;C:\Windows\system32;C:\Windows;C:\Windows\System32\Wbem;C:\Windows\System32\WindowsPowerShell\v1.0\;C:\Windows\System32\OpenSSH\;C:\Program Files\dotnet\;C:\Program Files\nodejs\;C:\Program Files\Microsoft SQL Server\160\Tools\Binn\;C:\composer;C:\Users\osman\AppData\Local\Programs\Python\Python311\Scripts\;C:\Users\osman\AppData\Local\Programs\Python\Python311\;C:\Users\osman\AppData\Local\Microsoft\WindowsApps;C:\Users\osman\.dotnet\tools;C:\Users\osman\AppData\Roaming\npm;C:\php;C:\Users\osman\AppData\Roaming\Composer\vendor\bin;C:\Users\osman\AppData\Local\Programs\Microsoft VS Code\bin

Yarn version: 
  1.22.19

Node version: 
  19.9.0

Platform: 
  win32 x64

Trace: 
  Error: EPERM: operation not permitted, unlink 'C:\Users\osman\Desktop\javascr\gün1\vite-project\node_modules\@esbuild\win32-x64\esbuild.exe'

npm manifest: 
  {
    "name": "vite-project",
    "private": true,
    "version": "0.0.0",
    "type": "module",
    "scripts": {
      "dev": "vite",
      "build": "vite build",
      "lint": "eslint . --ext js,jsx --report-unused-disable-directives --max-warnings 0",
      "preview": "vite preview"
    },
    "dependencies": {
      "html2canvas": "^1.4.1",
      "react": "^18.2.0",
      "react-dom": "^18.2.0",
      "sass": "^1.64.2"
    },
    "devDependencies": {
      "@types/react": "^18.2.15",
      "@types/react-dom": "^18.2.7",
      "@vitejs/plugin-react": "^4.0.3",
      "eslint": "^8.45.0",
      "eslint-plugin-react": "^7.32.2",
      "eslint-plugin-react-hooks": "^4.6.0",
      "eslint-plugin-react-refresh": "^0.4.3",
      "vite": "^4.4.5"
    }
  }

yarn manifest: 
  No manifest

Lockfile: 
  No lockfile
